2025-03-27 14:47:33 [[32minfo[39m]: Server running on port 8000
2025-03-27 14:48:02 [[32minfo[39m]: Server running on port 8000
2025-03-27 14:48:32 [[31merror[39m]: MongoDB connection error: connect ECONNREFUSED 127.0.0.1:27017
2025-03-27 14:49:18 [[32minfo[39m]: Server running on port 8000
2025-03-27 14:49:48 [[31merror[39m]: MongoDB connection error: connect ECONNREFUSED 127.0.0.1:27017
2025-03-27 14:49:48 [[32minfo[39m]: Retrying connection in 5 seconds...
2025-03-27 14:50:23 [[31merror[39m]: MongoDB connection error: connect ECONNREFUSED 127.0.0.1:27017
2025-03-27 14:50:23 [[32minfo[39m]: Retrying connection in 5 seconds...
2025-03-27 14:50:50 [[32minfo[39m]: Server running on port 8000
2025-03-27 14:51:30 [[32minfo[39m]: Server running on port 8000
2025-03-27 14:51:35 [[31merror[39m]: Uncaught Exception: Error: listen EADDRINUSE: address already in use :::8000
    at Server.setupListenHandle [as _listen2] (node:net:1897:16)
    at listenInCluster (node:net:1945:12)
    at Server.listen (node:net:2037:7)
    at Function.listen (/project/sandbox/user-workspace/node_modules/express/lib/application.js:635:24)
    at Object.<anonymous> (/project/sandbox/user-workspace/server.js:51:20)
    at Module._compile (node:internal/modules/cjs/loader:1369:14)
    at Module._extensions..js (node:internal/modules/cjs/loader:1427:10)
    at Module.load (node:internal/modules/cjs/loader:1206:32)
    at Module._load (node:internal/modules/cjs/loader:1022:12)
    at Function.executeUserEntryPoint [as runMain] (node:internal/modules/run_main:135:12)
2025-03-27 14:52:00 [[31merror[39m]: MongoDB connection error: connect ECONNREFUSED 127.0.0.1:27017
2025-03-27 14:52:00 [[32minfo[39m]: Retrying connection in 5 seconds...
2025-03-27 14:52:35 [[31merror[39m]: MongoDB connection error: connect ECONNREFUSED 127.0.0.1:27017
2025-03-27 14:52:35 [[32minfo[39m]: Retrying connection in 5 seconds...
2025-03-27 14:53:10 [[31merror[39m]: MongoDB connection error: connect ECONNREFUSED 127.0.0.1:27017
2025-03-27 14:53:10 [[32minfo[39m]: Retrying connection in 5 seconds...
2025-03-27 14:59:14 [[32minfo[39m]: Server running on port 8000
2025-03-27 14:59:15 [[31merror[39m]: MongoDB connection error: querySrv ENOTFOUND _mongodb._tcp.cluster0.mongodb.net
2025-03-27 14:59:15 [[32minfo[39m]: Retrying connection in 5 seconds...
2025-03-27 14:59:20 [[31merror[39m]: MongoDB connection error: querySrv ENOTFOUND _mongodb._tcp.cluster0.mongodb.net
2025-03-27 14:59:20 [[32minfo[39m]: Retrying connection in 5 seconds...
2025-03-27 14:59:25 [[31merror[39m]: MongoDB connection error: querySrv ENOTFOUND _mongodb._tcp.cluster0.mongodb.net
2025-03-27 14:59:25 [[32minfo[39m]: Retrying connection in 5 seconds...
2025-03-27 14:59:30 [[31merror[39m]: MongoDB connection error: querySrv ENOTFOUND _mongodb._tcp.cluster0.mongodb.net
2025-03-27 14:59:30 [[32minfo[39m]: Retrying connection in 5 seconds...
2025-03-27 14:59:35 [[31merror[39m]: Uncaught Exception: Error: listen EADDRINUSE: address already in use :::8000
    at Server.setupListenHandle [as _listen2] (node:net:1897:16)
    at listenInCluster (node:net:1945:12)
    at Server.listen (node:net:2037:7)
    at Function.listen (/project/sandbox/user-workspace/node_modules/express/lib/application.js:635:24)
    at Object.<anonymous> (/project/sandbox/user-workspace/server.js:51:20)
    at Module._compile (node:internal/modules/cjs/loader:1369:14)
    at Module._extensions..js (node:internal/modules/cjs/loader:1427:10)
    at Module.load (node:internal/modules/cjs/loader:1206:32)
    at Module._load (node:internal/modules/cjs/loader:1022:12)
    at Function.executeUserEntryPoint [as runMain] (node:internal/modules/run_main:135:12)
2025-03-27 14:59:35 [[31merror[39m]: MongoDB connection error: querySrv ENOTFOUND _mongodb._tcp.cluster0.mongodb.net
2025-03-27 14:59:35 [[32minfo[39m]: Retrying connection in 5 seconds...
2025-03-27 14:59:40 [[31merror[39m]: MongoDB connection error: querySrv ENOTFOUND _mongodb._tcp.cluster0.mongodb.net
2025-03-27 14:59:40 [[32minfo[39m]: Retrying connection in 5 seconds...
2025-03-27 14:59:45 [[31merror[39m]: MongoDB connection error: querySrv ENOTFOUND _mongodb._tcp.cluster0.mongodb.net
2025-03-27 14:59:45 [[32minfo[39m]: Retrying connection in 5 seconds...
2025-03-27 14:59:50 [[31merror[39m]: MongoDB connection error: querySrv ENOTFOUND _mongodb._tcp.cluster0.mongodb.net
2025-03-27 14:59:50 [[32minfo[39m]: Retrying connection in 5 seconds...
2025-03-27 14:59:55 [[31merror[39m]: MongoDB connection error: querySrv ENOTFOUND _mongodb._tcp.cluster0.mongodb.net
2025-03-27 14:59:55 [[32minfo[39m]: Retrying connection in 5 seconds...
2025-03-27 15:00:00 [[31merror[39m]: MongoDB connection error: querySrv ENOTFOUND _mongodb._tcp.cluster0.mongodb.net
2025-03-27 15:00:00 [[32minfo[39m]: Retrying connection in 5 seconds...
2025-03-27 15:00:05 [[31merror[39m]: MongoDB connection error: querySrv ENOTFOUND _mongodb._tcp.cluster0.mongodb.net
2025-03-27 15:00:05 [[32minfo[39m]: Retrying connection in 5 seconds...
2025-03-27 15:00:10 [[31merror[39m]: MongoDB connection error: querySrv ENOTFOUND _mongodb._tcp.cluster0.mongodb.net
2025-03-27 15:00:10 [[32minfo[39m]: Retrying connection in 5 seconds...
2025-03-27 15:00:15 [[31merror[39m]: MongoDB connection error: querySrv ENOTFOUND _mongodb._tcp.cluster0.mongodb.net
2025-03-27 15:00:15 [[32minfo[39m]: Retrying connection in 5 seconds...
2025-03-27 15:00:20 [[31merror[39m]: MongoDB connection error: querySrv ENOTFOUND _mongodb._tcp.cluster0.mongodb.net
2025-03-27 15:00:20 [[32minfo[39m]: Retrying connection in 5 seconds...
2025-03-27 15:00:25 [[31merror[39m]: MongoDB connection error: querySrv ENOTFOUND _mongodb._tcp.cluster0.mongodb.net
2025-03-27 15:00:25 [[32minfo[39m]: Retrying connection in 5 seconds...
